Compiling the C compiler identification source file "CMakeCCompilerId.c" failed.
Compiler: /Applications/Xcode-beta 2.app/Contents/Developer/Toolchains/XcodeDefault.xctoolchain/usr/bin/cc 
Build flags: 
Id flags:  

The output was:
1
ld: library not found for -lSystem
clang: error: linker command failed with exit code 1 (use -v to see invocation)


Compiling the CXX compiler identification source file "CMakeCXXCompilerId.cpp" failed.
Compiler: /Applications/Xcode-beta 2.app/Contents/Developer/Toolchains/XcodeDefault.xctoolchain/usr/bin/c++ 
Build flags: 
Id flags:  

The output was:
1
ld: library not found for -lc++
clang: error: linker command failed with exit code 1 (use -v to see invocation)


Detecting C compiler ABI info failed to compile with the following output:
Change Dir: /Users/tony/Documents/Project/LeeCode/C++/cmake-build-debug-coverage/CMakeFiles/CMakeTmp

Run Build Command(s):/usr/bin/make -f Makefile cmTC_1cc6b/fast && /Applications/Xcode-beta 2.app/Contents/Developer/usr/bin/make  -f CMakeFiles/cmTC_1cc6b.dir/build.make CMakeFiles/cmTC_1cc6b.dir/build
make: /Applications/Xcode-beta: No such file or directory
make: *** [cmTC_1cc6b/fast] Error 1




Determining if the C compiler works failed with the following output:
Change Dir: /Users/tony/Documents/Project/LeeCode/C++/cmake-build-debug-coverage/CMakeFiles/CMakeTmp

Run Build Command(s):/usr/bin/make -f Makefile cmTC_9507b/fast && /Applications/Xcode-beta 2.app/Contents/Developer/usr/bin/make  -f CMakeFiles/cmTC_9507b.dir/build.make CMakeFiles/cmTC_9507b.dir/build
make: /Applications/Xcode-beta: No such file or directory
make: *** [cmTC_9507b/fast] Error 1



Compiling the C compiler identification source file "CMakeCCompilerId.c" failed.
Compiler: /Applications/Xcode-beta 2.app/Contents/Developer/Toolchains/XcodeDefault.xctoolchain/usr/bin/cc 
Build flags: 
Id flags:  

The output was:
1
ld: library not found for -lSystem
clang: error: linker command failed with exit code 1 (use -v to see invocation)


Compiling the CXX compiler identification source file "CMakeCXXCompilerId.cpp" failed.
Compiler: /Applications/Xcode-beta 2.app/Contents/Developer/Toolchains/XcodeDefault.xctoolchain/usr/bin/c++ 
Build flags: 
Id flags:  

The output was:
1
ld: library not found for -lc++
clang: error: linker command failed with exit code 1 (use -v to see invocation)


Detecting C compiler ABI info failed to compile with the following output:
Change Dir: /Users/tony/Documents/Project/LeeCode/C++/cmake-build-debug-coverage/CMakeFiles/CMakeTmp

Run Build Command(s):/usr/bin/make -f Makefile cmTC_204c1/fast && /Applications/Xcode-beta 2.app/Contents/Developer/usr/bin/make  -f CMakeFiles/cmTC_204c1.dir/build.make CMakeFiles/cmTC_204c1.dir/build
make: /Applications/Xcode-beta: No such file or directory
make: *** [cmTC_204c1/fast] Error 1




Determining if the C compiler works failed with the following output:
Change Dir: /Users/tony/Documents/Project/LeeCode/C++/cmake-build-debug-coverage/CMakeFiles/CMakeTmp

Run Build Command(s):/usr/bin/make -f Makefile cmTC_e956e/fast && /Applications/Xcode-beta 2.app/Contents/Developer/usr/bin/make  -f CMakeFiles/cmTC_e956e.dir/build.make CMakeFiles/cmTC_e956e.dir/build
make: /Applications/Xcode-beta: No such file or directory
make: *** [cmTC_e956e/fast] Error 1



Compiling the C compiler identification source file "CMakeCCompilerId.c" failed.
Compiler: /Applications/Xcode-beta 2.app/Contents/Developer/Toolchains/XcodeDefault.xctoolchain/usr/bin/cc 
Build flags: 
Id flags:  

The output was:
1
ld: library not found for -lSystem
clang: error: linker command failed with exit code 1 (use -v to see invocation)


Compiling the CXX compiler identification source file "CMakeCXXCompilerId.cpp" failed.
Compiler: /Applications/Xcode-beta 2.app/Contents/Developer/Toolchains/XcodeDefault.xctoolchain/usr/bin/c++ 
Build flags: 
Id flags:  

The output was:
1
ld: library not found for -lc++
clang: error: linker command failed with exit code 1 (use -v to see invocation)


Detecting C compiler ABI info failed to compile with the following output:
Change Dir: /Users/tony/Documents/Project/LeeCode/C++/cmake-build-debug-coverage/CMakeFiles/CMakeTmp

Run Build Command(s):/usr/bin/make -f Makefile cmTC_b6eef/fast && /Applications/Xcode-beta 2.app/Contents/Developer/usr/bin/make  -f CMakeFiles/cmTC_b6eef.dir/build.make CMakeFiles/cmTC_b6eef.dir/build
make: /Applications/Xcode-beta: No such file or directory
make: *** [cmTC_b6eef/fast] Error 1




Determining if the C compiler works failed with the following output:
Change Dir: /Users/tony/Documents/Project/LeeCode/C++/cmake-build-debug-coverage/CMakeFiles/CMakeTmp

Run Build Command(s):/usr/bin/make -f Makefile cmTC_f0d7f/fast && /Applications/Xcode-beta 2.app/Contents/Developer/usr/bin/make  -f CMakeFiles/cmTC_f0d7f.dir/build.make CMakeFiles/cmTC_f0d7f.dir/build
make: /Applications/Xcode-beta: No such file or directory
make: *** [cmTC_f0d7f/fast] Error 1



